0 info it worked if it ends with ok
1 verbose cli [ '/usr/local/bin/node', '/usr/local/bin/npm', 'publish' ]
2 info using npm@4.1.2
3 info using node@v7.6.0
4 verbose publish [ '.' ]
5 silly cache add args [ '.', null ]
6 verbose cache add spec .
7 silly cache add parsed spec Result {
7 silly cache add   raw: '.',
7 silly cache add   scope: null,
7 silly cache add   escapedName: null,
7 silly cache add   name: null,
7 silly cache add   rawSpec: '.',
7 silly cache add   spec: '/Users/maambmb/Projects/aws-elb-healthcheck',
7 silly cache add   type: 'directory' }
8 verbose addLocalDirectory /Users/maambmb/.npm/aws-elb-healthcheck/1.0.0/package.tgz not in flight; packing
9 verbose correctMkdir /Users/maambmb/.npm correctMkdir not in flight; initializing
10 info lifecycle aws-elb-healthcheck@1.0.0~prepublish: aws-elb-healthcheck@1.0.0
11 silly lifecycle aws-elb-healthcheck@1.0.0~prepublish: no script for prepublish, continuing
12 info lifecycle aws-elb-healthcheck@1.0.0~prepare: aws-elb-healthcheck@1.0.0
13 silly lifecycle aws-elb-healthcheck@1.0.0~prepare: no script for prepare, continuing
14 verbose tar pack [ '/Users/maambmb/.npm/aws-elb-healthcheck/1.0.0/package.tgz',
14 verbose tar pack   '/Users/maambmb/Projects/aws-elb-healthcheck' ]
15 verbose tarball /Users/maambmb/.npm/aws-elb-healthcheck/1.0.0/package.tgz
16 verbose folder /Users/maambmb/Projects/aws-elb-healthcheck
17 verbose addLocalTarball adding from inside cache /Users/maambmb/.npm/aws-elb-healthcheck/1.0.0/package.tgz
18 verbose correctMkdir /Users/maambmb/.npm correctMkdir not in flight; initializing
19 silly cache afterAdd aws-elb-healthcheck@1.0.0
20 verbose afterAdd /Users/maambmb/.npm/aws-elb-healthcheck/1.0.0/package/package.json not in flight; writing
21 verbose correctMkdir /Users/maambmb/.npm correctMkdir not in flight; initializing
22 verbose afterAdd /Users/maambmb/.npm/aws-elb-healthcheck/1.0.0/package/package.json written
23 silly publish { name: 'aws-elb-healthcheck',
23 silly publish   version: '1.0.0',
23 silly publish   description: 'aws-elb-healthcheck ==================',
23 silly publish   main: 'index.js',
23 silly publish   readme: 'aws-elb-healthcheck\n==================\n\nMiddleware for responding with a 200 HTTP response to incoming health checks from AWS load balancers.\n\n## Usage\n\n```javascript\n    const express = require( "express" );\n    express()\n        .use( require( "aws-elb-healthcheck" ) )\n        .use( express.static( STATIC_DIR ) )\n        .listen( 8080 );\n```\n',
23 silly publish   readmeFilename: 'README.md',
23 silly publish   gitHead: 'e518d3387c7e78e765f4bbb810302206fbf5d86c',
23 silly publish   _id: 'aws-elb-healthcheck@1.0.0',
23 silly publish   scripts: {},
23 silly publish   _shasum: 'f5c5b42653f132095e2400f9892db8cd98fb55f6',
23 silly publish   _from: '.' }
24 info lifecycle aws-elb-healthcheck@1.0.0~prepublishOnly: aws-elb-healthcheck@1.0.0
25 silly lifecycle aws-elb-healthcheck@1.0.0~prepublishOnly: no script for prepublishOnly, continuing
26 verbose getPublishConfig undefined
27 silly mapToRegistry name aws-elb-healthcheck
28 silly mapToRegistry using default registry
29 silly mapToRegistry registry https://registry.npmjs.org/
30 silly mapToRegistry data Result {
30 silly mapToRegistry   raw: 'aws-elb-healthcheck',
30 silly mapToRegistry   scope: null,
30 silly mapToRegistry   escapedName: 'aws-elb-healthcheck',
30 silly mapToRegistry   name: 'aws-elb-healthcheck',
30 silly mapToRegistry   rawSpec: '',
30 silly mapToRegistry   spec: 'latest',
30 silly mapToRegistry   type: 'tag' }
31 silly mapToRegistry uri https://registry.npmjs.org/aws-elb-healthcheck
32 verbose publish registryBase https://registry.npmjs.org/
33 silly publish uploading /Users/maambmb/.npm/aws-elb-healthcheck/1.0.0/package.tgz
34 verbose request uri https://registry.npmjs.org/aws-elb-healthcheck
35 verbose request sending authorization for write operation
36 info attempt registry request try #1 at 9:36:17 PM
37 verbose request using bearer token for auth
38 verbose request id a2b63031428220a4
39 http request PUT https://registry.npmjs.org/aws-elb-healthcheck
40 http 403 https://registry.npmjs.org/aws-elb-healthcheck
41 verbose headers { 'content-type': 'application/json',
41 verbose headers   'cache-control': 'max-age=300',
41 verbose headers   'content-length': '95',
41 verbose headers   'accept-ranges': 'bytes',
41 verbose headers   date: 'Wed, 28 Jun 2017 20:36:18 GMT',
41 verbose headers   via: '1.1 varnish',
41 verbose headers   connection: 'keep-alive',
41 verbose headers   'x-served-by': 'cache-lcy1143-LCY',
41 verbose headers   'x-cache': 'MISS',
41 verbose headers   'x-cache-hits': '0',
41 verbose headers   'x-timer': 'S1498682178.779475,VS0,VE1168',
41 verbose headers   vary: 'Accept-Encoding' }
42 verbose request invalidating /Users/maambmb/.npm/registry.npmjs.org/aws-elb-healthcheck on PUT
43 error publish Failed PUT 403
44 verbose stack Error: "You cannot publish over the previously published version 1.0.0." : aws-elb-healthcheck
44 verbose stack     at makeError (/usr/local/lib/node_modules/npm/node_modules/npm-registry-client/lib/request.js:304:12)
44 verbose stack     at CachingRegistryClient.<anonymous> (/usr/local/lib/node_modules/npm/node_modules/npm-registry-client/lib/request.js:292:14)
44 verbose stack     at Request._callback (/usr/local/lib/node_modules/npm/node_modules/npm-registry-client/lib/request.js:212:14)
44 verbose stack     at Request.self.callback (/usr/local/lib/node_modules/npm/node_modules/request/request.js:186:22)
44 verbose stack     at emitTwo (events.js:106:13)
44 verbose stack     at Request.emit (events.js:192:7)
44 verbose stack     at Request.<anonymous> (/usr/local/lib/node_modules/npm/node_modules/request/request.js:1081:10)
44 verbose stack     at emitOne (events.js:96:13)
44 verbose stack     at Request.emit (events.js:189:7)
44 verbose stack     at IncomingMessage.<anonymous> (/usr/local/lib/node_modules/npm/node_modules/request/request.js:1001:12)
45 verbose statusCode 403
46 verbose pkgid aws-elb-healthcheck
47 verbose cwd /Users/maambmb/Projects/aws-elb-healthcheck
48 error Darwin 14.5.0
49 error argv "/usr/local/bin/node" "/usr/local/bin/npm" "publish"
50 error node v7.6.0
51 error npm  v4.1.2
52 error code E403
53 error "You cannot publish over the previously published version 1.0.0." : aws-elb-healthcheck
54 error If you need help, you may report this error at:
54 error     <https://github.com/npm/npm/issues>
55 verbose exit [ 1, true ]
